<?xml version="1.0" encoding="utf-8"?><testsuites name="pytest tests"><testsuite name="pytest" errors="0" failures="0" skipped="0" tests="16" time="2.624" timestamp="2026-03-29T01:46:36.889802+00:00" hostname="agent-env-dc353579-ba3e-4338-b011-8fae44983f1e"><testcase classname="tests.title_search.test_title_search_e2e.TestHealthCheck" name="test_health_endpoint" time="0.138" /><testcase classname="tests.title_search.test_title_search_e2e.TestAuthentication" name="test_login_success" time="0.487" /><testcase classname="tests.title_search.test_title_search_e2e.TestAuthentication" name="test_login_invalid_credentials" time="0.138" /><testcase classname="tests.title_search.test_title_search_e2e.TestTitleSearchOrders" name="test_list_orders" time="0.532" /><testcase classname="tests.title_search.test_title_search_e2e.TestTitleSearchOrders" name="test_list_orders_with_status_filter" time="0.336" /><testcase classname="tests.title_search.test_title_search_e2e.TestTitleSearchOrders" name="test_get_duval_order" time="0.051" /><testcase classname="tests.title_search.test_title_search_e2e.TestTitleSearchOrders" name="test_get_hendry_order" time="0.049" /><testcase classname="tests.title_search.test_title_search_e2e.TestTitleSearchOrders" name="test_get_nonexistent_order" time="0.050" /><testcase classname="tests.title_search.test_title_search_e2e.TestPipelineStatus" name="test_get_pipeline_status_duval" time="0.051" /><testcase classname="tests.title_search.test_title_search_e2e.TestDocuments" name="test_get_documents" time="0.049" /><testcase classname="tests.title_search.test_title_search_e2e.TestChainOfTitle" name="test_get_chain" time="0.051" /><testcase classname="tests.title_search.test_title_search_e2e.TestFlags" name="test_get_flags" time="0.059" /><testcase classname="tests.title_search.test_title_search_e2e.TestPackage" name="test_get_package" time="0.051" /><testcase classname="tests.title_search.test_title_search_e2e.TestPackage" name="test_download_pdf" time="0.302" /><testcase classname="tests.title_search.test_title_search_e2e.TestPackage" name="test_download_pdf_hendry" time="0.073" /><testcase classname="tests.title_search.test_title_search_e2e.TestOrderCreation" name="test_create_order_requires_auth" time="0.130" /></testsuite></testsuites>