<?xml version="1.0" encoding="utf-8"?><testsuites name="pytest tests"><testsuite name="pytest" errors="0" failures="0" skipped="7" tests="16" time="5.466" timestamp="2026-03-29T02:13:51.185355+00:00" hostname="agent-env-dc353579-ba3e-4338-b011-8fae44983f1e"><testcase classname="tests.title_search.test_iteration2_features.TestHealthAndAuth" name="test_health_endpoint" time="0.129" /><testcase classname="tests.title_search.test_iteration2_features.TestHealthAndAuth" name="test_login_success" time="0.358" /><testcase classname="tests.title_search.test_iteration2_features.TestOrderList" name="test_list_orders" time="0.481" /><testcase classname="tests.title_search.test_iteration2_features.TestOrderList" name="test_list_orders_with_status_filter" time="0.975" /><testcase classname="tests.title_search.test_iteration2_features.TestOrderDetail" name="test_get_cos_order_detail" time="0.537" /><testcase classname="tests.title_search.test_iteration2_features.TestOrderDetail" name="test_get_fs_order_detail" time="0.473" /><testcase classname="tests.title_search.test_iteration2_features.TestOrderDetail" name="test_order_has_required_fields" time="0.111"><skipped type="pytest.skip" message="Authentication failed">/app/backend/tests/title_search/test_iteration2_features.py:161: Authentication failed</skipped></testcase><testcase classname="tests.title_search.test_iteration2_features.TestPipelineStatus" name="test_pipeline_status_for_completed_order" time="0.103"><skipped type="pytest.skip" message="Authentication failed">/app/backend/tests/title_search/test_iteration2_features.py:207: Authentication failed</skipped></testcase><testcase classname="tests.title_search.test_iteration2_features.TestDocumentsChainFlags" name="test_documents_endpoint" time="0.105"><skipped type="pytest.skip" message="Authentication failed">/app/backend/tests/title_search/test_iteration2_features.py:270: Authentication failed</skipped></testcase><testcase classname="tests.title_search.test_iteration2_features.TestDocumentsChainFlags" name="test_chain_endpoint" time="0.619" /><testcase classname="tests.title_search.test_iteration2_features.TestDocumentsChainFlags" name="test_flags_endpoint" time="0.099"><skipped type="pytest.skip" message="Authentication failed">/app/backend/tests/title_search/test_iteration2_features.py:304: Authentication failed</skipped></testcase><testcase classname="tests.title_search.test_iteration2_features.TestPDFDownload" name="test_download_cos_pdf" time="0.619" /><testcase classname="tests.title_search.test_iteration2_features.TestPDFDownload" name="test_download_fs_pdf" time="0.107"><skipped type="pytest.skip" message="Authentication failed">/app/backend/tests/title_search/test_iteration2_features.py:373: Authentication failed</skipped></testcase><testcase classname="tests.title_search.test_iteration2_features.TestPDFDownload" name="test_pdf_content_verification" time="0.108"><skipped type="pytest.skip" message="Authentication failed">/app/backend/tests/title_search/test_iteration2_features.py:410: Authentication failed</skipped></testcase><testcase classname="tests.title_search.test_iteration2_features.TestNewOrderForm" name="test_create_order_validation" time="0.102"><skipped type="pytest.skip" message="Authentication failed">/app/backend/tests/title_search/test_iteration2_features.py:486: Authentication failed</skipped></testcase><testcase classname="tests.title_search.test_iteration2_features.TestNewOrderForm" name="test_search_scope_options" time="0.476" /></testsuite></testsuites>