<?xml version="1.0" encoding="utf-8"?><testsuites name="pytest tests"><testsuite name="pytest" errors="0" failures="0" skipped="0" tests="26" time="4.160" timestamp="2026-03-29T04:24:20.832263+00:00" hostname="agent-env-dc353579-ba3e-4338-b011-8fae44983f1e"><testcase classname="tests.title_search.test_iteration4_features.TestOrderDetails" name="test_order_exists" time="0.607" /><testcase classname="tests.title_search.test_iteration4_features.TestOrderDetails" name="test_order_owner_name" time="0.105" /><testcase classname="tests.title_search.test_iteration4_features.TestOrderDetails" name="test_order_parcel_number" time="0.107" /><testcase classname="tests.title_search.test_iteration4_features.TestDocuments" name="test_documents_endpoint" time="0.124" /><testcase classname="tests.title_search.test_iteration4_features.TestDocuments" name="test_clerk_deed_has_grantor_name" time="0.113" /><testcase classname="tests.title_search.test_iteration4_features.TestDocuments" name="test_clerk_deed_has_grantee_name" time="0.121" /><testcase classname="tests.title_search.test_iteration4_features.TestDocuments" name="test_clerk_deed_has_book_page" time="0.119" /><testcase classname="tests.title_search.test_iteration4_features.TestDocuments" name="test_mortgage_with_rocket_mortgage_74000" time="0.105" /><testcase classname="tests.title_search.test_iteration4_features.TestDocuments" name="test_mortgage_with_rocket_mortgage_95940" time="0.116" /><testcase classname="tests.title_search.test_iteration4_features.TestChainOfTitle" name="test_chain_endpoint" time="0.127" /><testcase classname="tests.title_search.test_iteration4_features.TestChainOfTitle" name="test_chain_has_proper_grantor_grantee" time="0.103" /><testcase classname="tests.title_search.test_iteration4_features.TestFlags" name="test_flags_endpoint" time="0.127" /><testcase classname="tests.title_search.test_iteration4_features.TestFlags" name="test_unreleased_mortgage_flags" time="0.121" /><testcase classname="tests.title_search.test_iteration4_features.TestPDFContent" name="test_pdf_download" time="0.369" /><testcase classname="tests.title_search.test_iteration4_features.TestPDFContent" name="test_pdf_is_3_pages" time="0.207" /><testcase classname="tests.title_search.test_iteration4_features.TestPDFContent" name="test_pdf_contains_grantor_d_r_horton" time="0.147" /><testcase classname="tests.title_search.test_iteration4_features.TestPDFContent" name="test_pdf_contains_book_page_17887_1785" time="0.156" /><testcase classname="tests.title_search.test_iteration4_features.TestPDFContent" name="test_pdf_contains_tax_year_2025" time="0.150" /><testcase classname="tests.title_search.test_iteration4_features.TestPDFContent" name="test_pdf_contains_legal_lot_40_blue_lake" time="0.126" /><testcase classname="tests.title_search.test_iteration4_features.TestPDFContent" name="test_pdf_contains_rocket_mortgage" time="0.152" /><testcase classname="tests.title_search.test_iteration4_features.TestPDFContent" name="test_pdf_contains_mortgage_74000" time="0.142" /><testcase classname="tests.title_search.test_iteration4_features.TestPDFContent" name="test_pdf_contains_mortgage_95940" time="0.140" /><testcase classname="tests.title_search.test_iteration4_features.TestPDFContent" name="test_pdf_contains_plat_map_bp" time="0.137" /><testcase classname="tests.title_search.test_iteration4_features.TestPDFContent" name="test_pdf_names_search_has_7_plus_names" time="0.136" /><testcase classname="tests.title_search.test_iteration4_features.TestOrdersList" name="test_orders_list" time="0.115" /><testcase classname="tests.title_search.test_iteration4_features.TestOrdersList" name="test_enhanced_order_in_list" time="0.102" /></testsuite></testsuites>