<?xml version="1.0" encoding="utf-8"?><testsuites name="pytest tests"><testsuite name="pytest" errors="0" failures="0" skipped="0" tests="13" time="2.830" timestamp="2026-03-29T05:52:48.281480+00:00" hostname="agent-env-dc353579-ba3e-4338-b011-8fae44983f1e"><testcase classname="tests.title_search.test_iteration5_features.TestAuthentication" name="test_login_success" time="0.578" /><testcase classname="tests.title_search.test_iteration5_features.TestAuthentication" name="test_login_invalid_credentials" time="0.114" /><testcase classname="tests.title_search.test_iteration5_features.TestOrdersList" name="test_orders_list_returns_200" time="0.460" /><testcase classname="tests.title_search.test_iteration5_features.TestOrdersList" name="test_orders_sorted_latest_first" time="0.177" /><testcase classname="tests.title_search.test_iteration5_features.TestOrdersList" name="test_orders_have_required_fields" time="0.110" /><testcase classname="tests.title_search.test_iteration5_features.TestPDFGeneration" name="test_pdf_endpoint_returns_200" time="0.343" /><testcase classname="tests.title_search.test_iteration5_features.TestPDFGeneration" name="test_pdf_no_vertical_borders" time="0.158" /><testcase classname="tests.title_search.test_iteration5_features.TestPDFGeneration" name="test_pdf_has_horizontal_separators" time="0.160" /><testcase classname="tests.title_search.test_iteration5_features.TestPDFGeneration" name="test_pdf_has_logo" time="0.158" /><testcase classname="tests.title_search.test_iteration5_features.TestLogoFile" name="test_logo_file_exists" time="0.000" /><testcase classname="tests.title_search.test_iteration5_features.TestLogoFile" name="test_logo_file_is_png" time="0.000" /><testcase classname="tests.title_search.test_iteration5_features.TestLogoFile" name="test_logo_file_size_reasonable" time="0.000" /><testcase classname="tests.title_search.test_iteration5_features.TestCreateOrdersForPagination" name="test_create_test_orders" time="0.451" /></testsuite></testsuites>