<?xml version="1.0" encoding="utf-8"?><testsuites name="pytest tests"><testsuite name="pytest" errors="0" failures="0" skipped="0" tests="16" time="2.214" timestamp="2026-03-29T03:56:43.773628+00:00" hostname="agent-env-dc353579-ba3e-4338-b011-8fae44983f1e"><testcase classname="tests.title_search.test_iteration3_features.TestPDFContent" name="test_tax_year_2025" time="0.997" /><testcase classname="tests.title_search.test_iteration3_features.TestPDFContent" name="test_assessment_year_2025" time="0.000" /><testcase classname="tests.title_search.test_iteration3_features.TestPDFContent" name="test_tax_status_paid" time="0.000" /><testcase classname="tests.title_search.test_iteration3_features.TestPDFContent" name="test_total_value" time="0.000" /><testcase classname="tests.title_search.test_iteration3_features.TestPDFContent" name="test_chain_book_page" time="0.000" /><testcase classname="tests.title_search.test_iteration3_features.TestPDFContent" name="test_plat_in_misc_docs" time="0.000" /><testcase classname="tests.title_search.test_iteration3_features.TestPDFContent" name="test_names_search_subdivision" time="0.000" /><testcase classname="tests.title_search.test_iteration3_features.TestPDFContent" name="test_no_double_type_bug" time="0.000" /><testcase classname="tests.title_search.test_iteration3_features.TestDocumentsEndpoint" name="test_documents_list" time="0.146" /><testcase classname="tests.title_search.test_iteration3_features.TestDocumentsEndpoint" name="test_plat_document_type" time="0.114" /><testcase classname="tests.title_search.test_iteration3_features.TestDocumentsEndpoint" name="test_deed_with_grantee" time="0.110" /><testcase classname="tests.title_search.test_iteration3_features.TestDocumentsEndpoint" name="test_tax_assessment_record" time="0.127" /><testcase classname="tests.title_search.test_iteration3_features.TestOrderDetail" name="test_order_detail" time="0.105" /><testcase classname="tests.title_search.test_iteration3_features.TestOrderDetail" name="test_pipeline_status" time="0.103" /><testcase classname="tests.title_search.test_iteration3_features.TestPDFDownload" name="test_pdf_download" time="0.151" /><testcase classname="tests.title_search.test_iteration3_features.TestPDFDownload" name="test_pdf_is_valid" time="0.163" /></testsuite></testsuites>