<?xml version="1.0" encoding="utf-8"?><testsuites name="pytest tests"><testsuite name="pytest" errors="0" failures="0" skipped="0" tests="11" time="2.389" timestamp="2026-03-29T06:26:26.465269+00:00" hostname="agent-env-dc353579-ba3e-4338-b011-8fae44983f1e"><testcase classname="tests.title_search.test_iteration6_nationwide.TestLoginFlow" name="test_login_success" time="0.492" /><testcase classname="tests.title_search.test_iteration6_nationwide.TestExistingNonFLOrders" name="test_ca_order_completed" time="0.473" /><testcase classname="tests.title_search.test_iteration6_nationwide.TestExistingNonFLOrders" name="test_tx_order_review_required" time="0.103" /><testcase classname="tests.title_search.test_iteration6_nationwide.TestExistingNonFLOrders" name="test_tx_order_has_captcha_flags" time="0.103" /><testcase classname="tests.title_search.test_iteration6_nationwide.TestPDFGenerationNonFL" name="test_ca_order_pdf" time="0.356" /><testcase classname="tests.title_search.test_iteration6_nationwide.TestPDFGenerationNonFL" name="test_tx_order_pdf" time="0.118" /><testcase classname="tests.title_search.test_iteration6_nationwide.TestFLRegression" name="test_fl_order_still_completed" time="0.105" /><testcase classname="tests.title_search.test_iteration6_nationwide.TestFLRegression" name="test_fl_order_pdf" time="0.111" /><testcase classname="tests.title_search.test_iteration6_nationwide.TestOrdersList" name="test_orders_list_returns_all" time="0.099" /><testcase classname="tests.title_search.test_iteration6_nationwide.TestOrdersList" name="test_orders_include_multiple_states" time="0.102" /><testcase classname="tests.title_search.test_iteration6_nationwide.TestCreateNonFLOrder" name="test_create_order_non_fl_state" time="0.232" /></testsuite></testsuites>